MPASM  5.35beta                    TAMAR_ALEX.ASM   5-4-2018  13:18:24         PAGE  1


LOC  OBJECT CODE     LINE SOURCE TEXT
  VALUE

Warning[205]: Found directive in column 1. (title)
                      00001 title   "Hotel Management"
                      00002                 list    p=16f84A
                      00003                 radix   hex
                      00004                 include "p16f84A.inc"
                      00001         LIST
                      00002 ; P16F84A.INC  Standard Header File, Version 2.00    Microchip Technology, Inc.
                      00134         LIST
                      00005                 
  0000000C            00006 COUNT1  EQU             D'12' ;used for delay
                      00007 ;COUNT2 EQU             D'13'
  0000000E            00008 COUNT3  EQU             D'14' ;used for delay
  0000000F            00009 COUNT   EQU             D'15' ;used for delayms
  00000010            00010 COUNT4  EQU             D'16' ;used for delay10
  00000011            00011 COUNT5  EQU             D'17' ;used for delay10
  00000012            00012 INDEX   EQU             D'18' ;bit 4 index, bit 5,6,7,0,1 for rooms 2,3,4,5,1
  00000013            00013 INDEX1  EQU             D'19' ;to know on which screen we are: bit 0 for hotels, bit 1 for chk, bit 2 fo
                            r single double, bit 3 for room nb, bit 4 for day menu
                      00014 ;NUMBER EQU             D'20'
  00000015            00015 INDEX2  EQU             D'21' ;save the state on each screen: 0 for hotel1 or hotel2, bit 1 for check in
                             or check out, bit 2 for single or double
  00000016            00016 COUNT6  EQU             D'22' ;to save room nb
  00000022            00017 NUMBER1 EQU             D'34' ;teporary register
  00000023            00018 COUNT7  EQU             D'35' ;to save day nb
  00000024            00019 INDEX3  EQU             D'36' ;to know if we are on the select of day menu or room nb menu + index for t
                            he thousand $
  00000025            00020 COUNT8  EQU             D'37' ;used in the loop which sets the registers 22 to 32 to 0
  00000026            00021 COUNT9  EQU             D'38' ;used in the loop which sets the registers 22 to 32 to 0
  00000031            00022 COUNT10 EQU             D'49' ;offset
  00000032            00023 TEMP    EQU             D'50' ;temporary register
  00000033            00024 COUNT11 EQU             D'51' ;used in the simulate subroutine as a counter
  00000034            00025 COUNT12 EQU             D'52' ;used for automatic reset when on hotel 1
  00000035            00026 COUNT13 EQU             D'53' ;used for automatic reset when on hotel 1
                      00027 
0000                  00028                 ORG             0x0
0000   2808           00029                 GOTO    MAIN
0004                  00030                 ORG             0x04
0004   180B           00031                 BTFSC   INTCON, RBIF
0005   286C           00032                 GOTO    RB4INT
0006   190B           00033                 BTFSC   INTCON, T0IF
0007   2A69           00034                 GOTO    TMR0INT
                      00035 
0008   1683           00036 MAIN    BSF             STATUS, RP0 ;inputs and outputs
0009   30F0           00037                 MOVLW   B'11110000'
Message[302]: Register in operand not in bank 0.  Ensure that bank bits are correct.
000A   0086           00038                 MOVWF   TRISB
Message[302]: Register in operand not in bank 0.  Ensure that bank bits are correct.
000B   0185           00039                 CLRF    TRISA
000C   3087           00040                 MOVLW   B'10000111'
Message[302]: Register in operand not in bank 0.  Ensure that bank bits are correct.
000D   0081           00041                 MOVWF   OPTION_REG
000E   1283           00042                 BCF             STATUS, RP0
000F   1212           00043                 BCF             INDEX, 4
MPASM  5.35beta                    TAMAR_ALEX.ASM   5-4-2018  13:18:24         PAGE  2
Hotel Management

LOC  OBJECT CODE     LINE SOURCE TEXT
  VALUE

0010   1692           00044                 BSF             INDEX, 5
0011   0186           00045                 CLRF    PORTB
                      00046 
0012   3016           00047                 MOVLW   D'22'
0013   0084           00048                 MOVWF   FSR
0014   3000           00049                 MOVLW   D'0'
0015   00A6           00050                 MOVWF   COUNT9 ;number 0
0016   300A           00051                 MOVLW   D'10'
0017   00A5           00052                 MOVWF   COUNT8
                      00053                 ;BCF            INDEX1, 0
                      00054                                 
0018   0BA5           00055 LOOP11  DECFSZ  COUNT8,F ;set registers 22 to 32 to zero
0019   281B           00056                 GOTO    NEXT11
001A   281F           00057                 GOTO    END_FSR1
                      00058                 
001B   0826           00059 NEXT11  MOVF    COUNT9, 0
001C   0080           00060                 MOVWF   INDF
001D   0A84           00061                 INCF    FSR,F
001E   2818           00062                 GOTO    LOOP11
                      00063 
001F   3026           00064 END_FSR1                MOVLW   D'38'
0020   0084           00065                 MOVWF   FSR
0021   300A           00066                 MOVLW   D'10'
0022   00A5           00067                 MOVWF   COUNT8
                      00068 
0023   0BA5           00069 LOOP12  DECFSZ  COUNT8,F ;set registers 38 to 48 to zero
0024   2826           00070                 GOTO    NEXT12
0025   282A           00071                 GOTO    END_FSR2
                      00072                 
0026   0826           00073 NEXT12  MOVF    COUNT9, 0
0027   0080           00074                 MOVWF   INDF
0028   0A84           00075                 INCF    FSR,F
0029   2823           00076                 GOTO    LOOP12
                      00077 
002A   3001           00078 END_FSR2                MOVLW   D'1'
002B   0096           00079                 MOVWF   COUNT6
002C   3001           00080                 MOVLW   B'00001'
002D   00A3           00081                 MOVWF   COUNT7
002E   3016           00082                 MOVLW   D'22'
002F   0084           00083                 MOVWF   FSR
0030   3001           00084                 MOVLW   d'1'
0031   00B4           00085                 MOVWF   COUNT12
0032   300B           00086                 MOVLW   d'11'
0033   00B5           00087                 MOVWF   COUNT13
0034   1024           00088                 BCF             INDEX3, 0
                      00089 
0035   2282           00090 INIT    CALL    DELAY ;begin initializing the LCD
0036   3002           00091                 MOVLW   B'00010'
0037   0085           00092                 MOVWF   PORTA
0038   227D           00093                 CALL    ET
0039   3002           00094                 MOVLW   B'00010'
003A   0085           00095                 MOVWF   PORTA
003B   227D           00096                 CALL    ET
MPASM  5.35beta                    TAMAR_ALEX.ASM   5-4-2018  13:18:24         PAGE  3
Hotel Management

LOC  OBJECT CODE     LINE SOURCE TEXT
  VALUE

003C   3008           00097                 MOVLW   B'01000'
003D   0085           00098                 MOVWF   PORTA
003E   227D           00099                 CALL    ET
                      00100 
003F   2282           00101                 CALL    DELAY
                      00102 
0040   3000           00103                 MOVLW   B'00000'
0041   0085           00104                 MOVWF   PORTA
0042   227D           00105                 CALL    ET
0043   300C           00106                 MOVLW   B'01100'
0044   0085           00107                 MOVWF   PORTA
0045   227D           00108                 CALL    ET
                      00109 
0046   2282           00110                 CALL    DELAY
                      00111 
0047   3000           00112                 MOVLW   B'00000'
0048   0085           00113                 MOVWF   PORTA
0049   227D           00114                 CALL    ET
004A   3001           00115                 MOVLW   B'00001'
004B   0085           00116                 MOVWF   PORTA
004C   227D           00117                 CALL    ET
                      00118 
004D   2282           00119                 CALL    DELAY
                      00120 
004E   3000           00121                 MOVLW   B'00000'
004F   0085           00122                 MOVWF   PORTA
0050   227D           00123                 CALL    ET
0051   3006           00124                 MOVLW   B'00110'
0052   0085           00125                 MOVWF   PORTA
0053   227D           00126                 CALL    ET
                      00127 
0054   018B           00128                 CLRF    INTCON
0055   158B           00129                 BSF             INTCON, RBIE ;set interrupts enables
0056   168B           00130                 BSF             INTCON, T0IE
0057   178B           00131                 BSF             INTCON, GIE
                      00132 
0058   23A9           00133 WELC    CALL    SPACEC2 ;displays welcome MS screen
0059   2294           00134                 CALL    HotelW
005A   234D           00135                 CALL    SPACEC
005B   22B3           00136                 CALL    LETTERM
005C   22C1           00137                 CALL    LETTERS
005D   2282           00138                 CALL    DELAY
005E   2282           00139                 CALL    DELAY
                      00140 
005F   2385           00141                 CALL    CLEAR ;clear display
                      00142 
0060   1506           00143                 BSF             PORTB, 2 ;red led on
0061   23C0           00144                 CALL    HOT1
0062   23AE           00145                 CALL    INITS
                      00146                 
0063   23C5           00147                 CALL    HOT2
0064   23B7           00148                 CALL    INITD
                      00149 
MPASM  5.35beta                    TAMAR_ALEX.ASM   5-4-2018  13:18:24         PAGE  4
Hotel Management

LOC  OBJECT CODE     LINE SOURCE TEXT
  VALUE

0065   2865           00150 TASK3   GOTO    TASK3 ;infinite loop            
                      00151 
0066   30FA           00152 DELAYMS MOVLW   D'250' ;delay of 1 ms for debounce
Message[305]: Using default destination of 1 (file).
0067   088F           00153                 MOVF    COUNT
0068   0000           00154 LOOP2   NOP
0069   0B8F           00155                 DECFSZ  COUNT, F
006A   2868           00156                 GOTO    LOOP2
006B   0008           00157                 RETURN
                      00158 
006C   2066           00159 RB4INT  CALL    DELAYMS ;begin of RB4 interrupt
006D   1E06           00160                 BTFSS   PORTB, 4
006E   2876           00161                 GOTO    SELECT
006F   1E86           00162                 BTFSS   PORTB, 5
0070   28D0           00163                 GOTO    CONFIRM
0071   1F06           00164                 BTFSS   PORTB, 6
0072   29EB           00165                 GOTO    RESETT
0073   1F86           00166                 BTFSS   PORTB, 7
0074   2A22           00167                 GOTO    SIMULATE
0075   29A4           00168                 GOTO    ENDRB4
                      00169                                                 
0076   1A13           00170 SELECT  BTFSC   INDEX1, 4 ;subroutine called when select button is pushed
0077   287D           00171                 GOTO    TWO
0078   1913           00172                 BTFSC   INDEX1, 2
0079   287D           00173                 GOTO    TWO
007A   28BE           00174                 GOTO    SELECT1
007B   1106           00175                 BCF             PORTB, 2
007C   1186           00176                 BCF             PORTB, 3
                      00177 
007D   1E92           00178 TWO             BTFSS   INDEX, 5
007E   2888           00179                 GOTO    THREE
007F   2393           00180                 CALL    CURSOR2
0080   235B           00181                 CALL    TWOC
0081   1712           00182                 BSF             INDEX, 6
0082   1292           00183                 BCF             INDEX,5
0083   1C24           00184                 BTFSS   INDEX3, 0
0084   0A96           00185                 INCF    COUNT6, F
0085   1824           00186                 BTFSC   INDEX3, 0
0086   0AA3           00187                 INCF    COUNT7, F
0087   29A4           00188                 GOTO    ENDRB4
                      00189 
0088   1F12           00190 THREE   BTFSS   INDEX, 6
0089   2893           00191                 GOTO    FOUR
008A   2393           00192                 CALL    CURSOR2
008B   2362           00193                 CALL    THREEC
008C   1792           00194                 BSF             INDEX, 7
008D   1312           00195                 BCF             INDEX,6
008E   1C24           00196                 BTFSS   INDEX3, 0
008F   0A96           00197                 INCF    COUNT6, F
0090   1824           00198                 BTFSC   INDEX3, 0
0091   0AA3           00199                 INCF    COUNT7, F
0092   29A4           00200                 GOTO    ENDRB4
                      00201 
MPASM  5.35beta                    TAMAR_ALEX.ASM   5-4-2018  13:18:24         PAGE  5
Hotel Management

LOC  OBJECT CODE     LINE SOURCE TEXT
  VALUE

0093   1F92           00202 FOUR    BTFSS   INDEX, 7
0094   289E           00203                 GOTO    FIVE
0095   2393           00204                 CALL    CURSOR2
0096   2369           00205                 CALL    FOURC
0097   1412           00206                 BSF             INDEX, 0
0098   1392           00207                 BCF             INDEX,7
0099   1C24           00208                 BTFSS   INDEX3, 0
009A   0A96           00209                 INCF    COUNT6, F
009B   1824           00210                 BTFSC   INDEX3, 0
009C   0AA3           00211                 INCF    COUNT7, F
009D   29A4           00212                 GOTO    ENDRB4
                      00213 
009E   1C12           00214 FIVE    BTFSS   INDEX, 0
009F   28A9           00215                 GOTO    ONE
00A0   2393           00216                 CALL    CURSOR2
00A1   2370           00217                 CALL    FIVEC
00A2   1492           00218                 BSF             INDEX, 1
00A3   1012           00219                 BCF             INDEX,0
00A4   1C24           00220                 BTFSS   INDEX3, 0
00A5   0A96           00221                 INCF    COUNT6, F
00A6   1824           00222                 BTFSC   INDEX3, 0
00A7   20BB           00223                 CALL    INC
00A8   29A4           00224                 GOTO    ENDRB4
                      00225 
00A9   1C92           00226 ONE             BTFSS   INDEX, 1
00AA   287D           00227                 GOTO    TWO
00AB   2393           00228                 CALL    CURSOR2
00AC   2354           00229                 CALL    ONEC
00AD   1692           00230                 BSF             INDEX, 5
00AE   10A4           00231                 BCF             INDEX3, 1
00AF   1092           00232                 BCF             INDEX,1
00B0   1C24           00233                 BTFSS   INDEX3, 0
00B1   20B5           00234                 CALL    SIX
00B2   1824           00235                 BTFSC   INDEX3, 0
00B3   20B8           00236                 CALL    SEVEN
00B4   29A4           00237                 GOTO    ENDRB4  
                      00238 
00B5   3001           00239 SIX             MOVLW   D'1' ;to reinitialize count6
00B6   0096           00240                 MOVWF   COUNT6
00B7   0008           00241                 RETURN
                      00242 
00B8   3001           00243 SEVEN   MOVLW   B'00001' ;to reinitialize count7
00B9   00A3           00244                 MOVWF   COUNT7
00BA   0008           00245                 RETURN
                      00246 
00BB   0AA3           00247 INC             INCF    COUNT7, F 
00BC   14A4           00248                 BSF             INDEX3, 1
00BD   0008           00249                 RETURN
                      00250 
                      00251                                 
00BE   1A12           00252 SELECT1 BTFSC   INDEX, 4 ;goes if not on a menu that needs the 1,2,3,4,5 numbers
00BF   28C8           00253                 GOTO    NEXT
00C0   238C           00254                 CALL    NEWLINE
MPASM  5.35beta                    TAMAR_ALEX.ASM   5-4-2018  13:18:24         PAGE  6
Hotel Management

LOC  OBJECT CODE     LINE SOURCE TEXT
  VALUE

00C1   2346           00255                 CALL    ARROWC
00C2   239A           00256                 CALL    FIRSTLINE
00C3   234D           00257                 CALL    SPACEC
00C4   1612           00258                 BSF             INDEX, 4
00C5   1106           00259                 BCF             PORTB, 2
00C6   1586           00260                 BSF             PORTB, 3                        
00C7   29A4           00261                 GOTO    ENDRB4
                      00262                 
00C8   239A           00263 NEXT    CALL    FIRSTLINE
00C9   2346           00264                 CALL    ARROWC
00CA   238C           00265                 CALL    NEWLINE
00CB   234D           00266                 CALL    SPACEC
00CC   1506           00267                 BSF             PORTB, 2
00CD   1186           00268                 BCF             PORTB, 3
00CE   1212           00269                 BCF             INDEX, 4
00CF   29A4           00270                 GOTO    ENDRB4
                      00271 
00D0   1813           00272 CONFIRM BTFSC   INDEX1, 0 ;subroutine called when psuh button is pushed
00D1   28ED           00273                 GOTO    NEXT1
00D2   1A12           00274                 BTFSC   INDEX, 4
00D3   1415           00275                 BSF             INDEX2, 0
00D4   1E12           00276                 BTFSS   INDEX, 4
00D5   1015           00277                 BCF             INDEX2, 0
                      00278 ;               BTFSC   INDEX2, 0
                      00279 ;               GOTO    SIN
                      00280 
00D6   239A           00281 CHK             CALL    FIRSTLINE ;displays check in check out
00D7   2346           00282                 CALL    ARROWC
00D8   22CF           00283                 CALL    LETTERC
00D9   22D6           00284                 CALL    LETTERH
00DA   22DD           00285                 CALL    LETTERK
00DB   234D           00286                 CALL    SPACEC
00DC   22E4           00287                 CALL    LETTERI
00DD   22EB           00288                 CALL    LETTERN
00DE   238C           00289                 CALL    NEWLINE
00DF   234D           00290                 CALL    SPACEC
00E0   22CF           00291                 CALL    LETTERC
00E1   22D6           00292                 CALL    LETTERH
00E2   22DD           00293                 CALL    LETTERK
00E3   22F2           00294                 CALL    LETTERO
00E4   22F9           00295                 CALL    LETTERU
00E5   2300           00296                 CALL    LETTERT
00E6   1413           00297                 BSF             INDEX1, 0       
00E7   1212           00298                 BCF             INDEX, 4
00E8   20EA           00299                 CALL    RED
00E9   29A4           00300                 GOTO    ENDRB4
                      00301 
00EA   1186           00302 RED             BCF             PORTB, 3 ;turns on the red led and turn off green led
00EB   1506           00303                 BSF             PORTB, 2
00EC   0008           00304                 RETURN
                      00305 
                      00306 ;SIN            BSF             INDEX1, 0       
                      00307 ;               BCF             INDEX, 4
MPASM  5.35beta                    TAMAR_ALEX.ASM   5-4-2018  13:18:24         PAGE  7
Hotel Management

LOC  OBJECT CODE     LINE SOURCE TEXT
  VALUE

                      00308 ;               GOTO    CONFIRM
                      00309 
00ED   1893           00310 NEXT1   BTFSC   INDEX1, 1 ;prints single or double
00EE   2923           00311                 GOTO    NEXT4
00EF   239A           00312                 CALL    FIRSTLINE
00F0   2346           00313                 CALL    ARROWC
00F1   22C1           00314                 CALL    LETTERS
00F2   22E4           00315                 CALL    LETTERI
00F3   22EB           00316                 CALL    LETTERN
00F4   2307           00317                 CALL    LETTERG
00F5   230E           00318                 CALL    LETTERL
00F6   2315           00319                 CALL    LETTERE
00F7   238C           00320                 CALL    NEWLINE
00F8   234D           00321                 CALL    SPACEC
00F9   22C8           00322                 CALL    LETTERD
00FA   22F2           00323                 CALL    LETTERO
00FB   22F9           00324                 CALL    LETTERU
00FC   2331           00325                 CALL    LETTERB
00FD   230E           00326                 CALL    LETTERL
00FE   2315           00327                 CALL    LETTERE
00FF   1493           00328                 BSF             INDEX1, 1
0100   1A12           00329                 BTFSC   INDEX, 4
0101   1495           00330                 BSF             INDEX2, 1
0102   1E12           00331                 BTFSS   INDEX, 4
0103   1095           00332                 BCF             INDEX2, 1
0104   1212           00333                 BCF             INDEX, 4
0105   20EA           00334                 CALL    RED
0106   29A4           00335                 GOTO    ENDRB4
                      00336 
0107   1913           00337 NEXT2   BTFSC   INDEX1, 2 ;prints room number menu
0108   293D           00338                 GOTO    NEXT3
                      00339 
0109   1024           00340                 BCF             INDEX3, 0
010A   239A           00341                 CALL    FIRSTLINE
010B   231C           00342                 CALL    LETTERR
010C   22F2           00343                 CALL    LETTERO
010D   22F2           00344                 CALL    LETTERO
010E   22B3           00345                 CALL    LETTERM
010F   234D           00346                 CALL    SPACEC
0110   22EB           00347                 CALL    LETTERN
0111   2331           00348                 CALL    LETTERB
0112   238C           00349                 CALL    NEWLINE
0113   234D           00350                 CALL    SPACEC
0114   2354           00351                 CALL    ONEC
0115   23A9           00352                 CALL    SPACEC2
0116   234D           00353                 CALL    SPACEC
                      00354 
0117   1815           00355                 BTFSC   INDEX2, 0
0118   291E           00356                 GOTO    CONT4
                      00357 
0119   1A12           00358                 BTFSC   INDEX, 4
011A   1515           00359                 BSF             INDEX2, 2
011B   1E12           00360                 BTFSS   INDEX, 4
MPASM  5.35beta                    TAMAR_ALEX.ASM   5-4-2018  13:18:24         PAGE  8
Hotel Management

LOC  OBJECT CODE     LINE SOURCE TEXT
  VALUE

011C   1115           00361                 BCF             INDEX2, 2
011D   20EA           00362                 CALL    RED
                      00363 
011E   1513           00364 CONT4   BSF             INDEX1, 2
                      00365                 ;BCF            INDEX, 4
011F   0192           00366                 CLRF    INDEX
0120   1692           00367                 BSF             INDEX, 5
0121   20EA           00368                 CALL    RED
0122   29A4           00369                 GOTO    ENDRB4
                      00370 
0123   1C15           00371 NEXT4   BTFSS   INDEX2, 0 ;print day menu
0124   2907           00372                 GOTO    NEXT2
0125   1895           00373                 BTFSC   INDEX2, 1
0126   2907           00374                 GOTO    NEXT2
0127   1A13           00375                 BTFSC   INDEX1, 4
0128   2907           00376                 GOTO    NEXT2
0129   239A           00377                 CALL    FIRSTLINE
012A   234D           00378                 CALL    SPACEC
012B   22C8           00379                 CALL    LETTERD
012C   2323           00380                 CALL    LETTERA
012D   232A           00381                 CALL    LETTERY
012E   23A9           00382                 CALL    SPACEC2
012F   238C           00383                 CALL    NEWLINE
0130   234D           00384                 CALL    SPACEC
0131   2354           00385                 CALL    ONEC
0132   23A9           00386                 CALL    SPACEC2
0133   234D           00387                 CALL    SPACEC
0134   1613           00388                 BSF             INDEX1, 4
0135   1424           00389                 BSF             INDEX3, 0
                      00390 
0136   1A12           00391                 BTFSC   INDEX, 4
0137   1515           00392                 BSF             INDEX2, 2
0138   1E12           00393                 BTFSS   INDEX, 4
0139   1115           00394                 BCF             INDEX2, 2
                      00395 
013A   1212           00396                 BCF             INDEX, 4
013B   20EA           00397                 CALL    RED
013C   29A4           00398                 GOTO    ENDRB4
                      00399 
013D   1A93           00400 NEXT3   BTFSC   INDEX1, 5 
013E   295B           00401                 GOTO    LAST
                      00402 
013F   1993           00403                 BTFSC   INDEX1, 3
0140   29A2           00404                 GOTO    RETRY
0141   1895           00405                 BTFSC   INDEX2, 1
0142   2943           00406                 GOTO    CONT
                      00407                 
0143   1D15           00408 CONT    BTFSS   INDEX2, 2 ;choose which fsr according to single or double
0144   214B           00409                 CALL    FSRSINGLE
0145   1915           00410                 BTFSC   INDEX2, 2
0146   214F           00411                 CALL    FSRDOUBLE
                      00412 
0147   1C95           00413                 BTFSS   INDEX2, 1
MPASM  5.35beta                    TAMAR_ALEX.ASM   5-4-2018  13:18:24         PAGE  9
Hotel Management

LOC  OBJECT CODE     LINE SOURCE TEXT
  VALUE

0148   2953           00414                 GOTO    IN
0149   1895           00415                 BTFSC   INDEX2, 1
014A   2957           00416                 GOTO    OUT
                      00417 
014B                  00418 FSRSINGLE
014B   0816           00419                 MOVF    COUNT6, 0
014C   3E16           00420                 ADDLW   D'22'
014D   0084           00421                 MOVWF   FSR
014E   0008           00422                 RETURN
                      00423 
014F                  00424 FSRDOUBLE
014F   0816           00425                 MOVF    COUNT6, 0
0150   3E1B           00426                 ADDLW   D'27'
0151   0084           00427                 MOVWF   FSR
0152   0008           00428                 RETURN
                      00429                 
0153   1D15           00430 IN              BTFSS   INDEX2, 2 ;subroutine if check in
0154   295C           00431                 GOTO    SINGLEIN
0155   1915           00432                 BTFSC   INDEX2, 2
0156   296F           00433                 GOTO    DOUBLEIN
                      00434 
0157   1D15           00435 OUT             BTFSS   INDEX2, 2 ;subroutine if check out
0158   2982           00436                 GOTO    SINGLEOUT
0159   1915           00437                 BTFSC   INDEX2, 2
015A   298F           00438                 GOTO    DOUBLEOUT
                      00439 
015B   29A2           00440 LAST    GOTO    RETRY
                      00441 
                      00442 
015C                  00443 SINGLEIN ;if single + check in
015C   1800           00444                 BTFSC   INDF, 0
015D   299C           00445                 GOTO    ERRORR
015E   23A1           00446                 CALL    LINE1
015F   300A           00447                 MOVLW   H'A'
0160   0716           00448                 ADDWF   COUNT6, 0
0161   0085           00449                 MOVWF   PORTA
0162   227D           00450                 CALL    ET
0163   233F           00451                 CALL    HASHC
0164   21A6           00452                 CALL    BILL
                      00453 
0165   1422           00454                 BSF             NUMBER1, 0
0166   0822           00455                 MOVF    NUMBER1, 0
0167   0080           00456                 MOVWF   INDF
                      00457 
0168   0816           00458                 MOVF    COUNT6, 0
0169   3E26           00459                 ADDLW   D'38'
016A   0084           00460                 MOVWF   FSR
016B   0823           00461                 MOVF    COUNT7, 0
016C   0080           00462                 MOVWF   INDF
                      00463                 
016D   1693           00464                 BSF             INDEX1, 5
016E   29A4           00465                 GOTO    ENDRB4
                      00466                                                 
MPASM  5.35beta                    TAMAR_ALEX.ASM   5-4-2018  13:18:24         PAGE 10
Hotel Management

LOC  OBJECT CODE     LINE SOURCE TEXT
  VALUE

                      00467 
016F                  00468 DOUBLEIN ;if double + check in
016F   1800           00469                 BTFSC   INDF, 0
0170   299C           00470                 GOTO    ERRORR
0171   23A5           00471                 CALL    LINE2
0172   300A           00472                 MOVLW   H'A'
0173   0716           00473                 ADDWF   COUNT6, 0
0174   0085           00474                 MOVWF   PORTA
0175   227D           00475                 CALL    ET
0176   233F           00476                 CALL    HASHC
0177   21A6           00477                 CALL    BILL
                      00478 
0178   1422           00479                 BSF             NUMBER1, 0
0179   0822           00480                 MOVF    NUMBER1, 0
017A   0080           00481                 MOVWF   INDF
                      00482 
017B   0816           00483                 MOVF    COUNT6, 0
017C   3E2B           00484                 ADDLW   D'43'
017D   0084           00485                 MOVWF   FSR
017E   0823           00486                 MOVF    COUNT7, 0
017F   0080           00487                 MOVWF   INDF
                      00488 
0180   1693           00489                 BSF             INDEX1, 5
0181   29A4           00490                 GOTO    ENDRB4
                      00491                 
                      00492 
0182                  00493 SINGLEOUT ;if single + check out
0182   1C00           00494                 BTFSS   INDF, 0
0183   299C           00495                 GOTO    ERRORR
0184   23A1           00496                 CALL    LINE1
0185   300A           00497                 MOVLW   H'A'
0186   0716           00498                 ADDWF   COUNT6, 0
0187   0085           00499                 MOVWF   PORTA
0188   227D           00500                 CALL    ET
0189   2338           00501                 CALL    STARC
018A   21D4           00502                 CALL    SUCC
                      00503 
018B   1022           00504                 BCF             NUMBER1, 0
018C   0822           00505                 MOVF    NUMBER1, 0
018D   0080           00506                 MOVWF   INDF
                      00507 
018E   29A2           00508                 GOTO    RETRY
                      00509 
018F                  00510 DOUBLEOUT ;if double + check out
018F   1C00           00511                 BTFSS   INDF, 0
0190   299C           00512                 GOTO    ERRORR
0191   23A5           00513                 CALL    LINE2
0192   300A           00514                 MOVLW   H'A'
0193   0716           00515                 ADDWF   COUNT6, 0
0194   0085           00516                 MOVWF   PORTA
0195   227D           00517                 CALL    ET
0196   2338           00518                 CALL    STARC
0197   21D4           00519                 CALL    SUCC
MPASM  5.35beta                    TAMAR_ALEX.ASM   5-4-2018  13:18:24         PAGE 11
Hotel Management

LOC  OBJECT CODE     LINE SOURCE TEXT
  VALUE

                      00520 
0198   1022           00521                 BCF             NUMBER1, 0
0199   0822           00522                 MOVF    NUMBER1, 0
019A   0080           00523                 MOVWF   INDF
                      00524 
019B   29A2           00525                 GOTO    RETRY
                      00526 
019C   1406           00527 ERRORR  BSF             PORTB, 0 ;buzzer sound and led red
019D   1186           00528                 BCF             PORTB, 3
019E   1506           00529                 BSF             PORTB, 2
019F   2282           00530                 CALL    DELAY
01A0   2282           00531                 CALL    DELAY
01A1   1006           00532                 BCF             PORTB, 0
                      00533                                                 
01A2   21D8           00534 RETRY   CALL    RESET1 ;resets indeces
                      00535                 ;BTFSS  INDEX2, 0
01A3   28D6           00536                 GOTO    CHK
                      00537                 ;BTFSC  INDEX2, 0
                      00538                 ;GOTO   SIN
                      00539 
01A4   100B           00540 ENDRB4  BCF             INTCON, RBIF ;end interrupt RB4
01A5   0009           00541                 RETFIE
                      00542 
01A6   239A           00543 BILL    CALL    FIRSTLINE ;function that prints bill
01A7   234D           00544                 CALL    SPACEC
01A8   2331           00545                 CALL    LETTERB
01A9   22E4           00546                 CALL    LETTERI
01AA   230E           00547                 CALL    LETTERL
01AB   230E           00548                 CALL    LETTERL
01AC   234D           00549                 CALL    SPACEC
01AD   234D           00550                 CALL    SPACEC
01AE   238C           00551                 CALL    NEWLINE
01AF   234D           00552                 CALL    SPACEC
01B0   2377           00553                 CALL    DOLLARC
01B1   1815           00554                 BTFSC   INDEX2, 0 ;go if hotel 2
01B2   29BD           00555                 GOTO    BILL2
01B3   1915           00556                 BTFSC   INDEX2, 2
01B4   235B           00557                 CALL    TWOC
01B5   1D15           00558                 BTFSS   INDEX2, 2               
01B6   2354           00559                 CALL    ONEC
01B7   237E           00560 CONT1   CALL    ZEROC
01B8   237E           00561                 CALL    ZEROC
01B9   234D           00562                 CALL    SPACEC
01BA   234D           00563 CONT2   CALL    SPACEC
01BB   21D4           00564                 CALL    SUCC
01BC   0008           00565                 RETURN
                      00566 
01BD   3013           00567 BILL2   MOVLW   B'10011'
01BE   0085           00568                 MOVWF   PORTA
01BF   227D           00569                 CALL    ET
01C0   1915           00570                 BTFSC   INDEX2, 2
01C1   29C7           00571                 GOTO    BILLNEXT ;go if double room
01C2   0823           00572                 MOVF    COUNT7, W
MPASM  5.35beta                    TAMAR_ALEX.ASM   5-4-2018  13:18:24         PAGE 12
Hotel Management

LOC  OBJECT CODE     LINE SOURCE TEXT
  VALUE

01C3   3E10           00573                 ADDLW   B'10000'
01C4   0085           00574                 MOVWF   PORTA
01C5   227D           00575                 CALL    ET
01C6   29B7           00576                 GOTO    CONT1 
                      00577 
01C7                  00578 BILLNEXT
01C7   18A4           00579                 BTFSC   INDEX3, 1
01C8   29CF           00580                 GOTO    THOU
01C9   0823           00581                 MOVF    COUNT7, W
01CA   0723           00582                 ADDWF   COUNT7, W
01CB   3E10           00583                 ADDLW   B'10000'
01CC   0085           00584                 MOVWF   PORTA
01CD   227D           00585                 CALL    ET
01CE   29B7           00586                 GOTO    CONT1
                      00587 
01CF   2357           00588 THOU    CALL    HALFONEC
01D0   237E           00589                 CALL    ZEROC
01D1   237E           00590                 CALL    ZEROC
01D2   237E           00591                 CALL    ZEROC
01D3   29BA           00592                 GOTO    CONT2           
                      00593 
01D4   1106           00594 SUCC    BCF             PORTB, 2 ;turns on green led and turns off red led
01D5   1586           00595                 BSF             PORTB, 3
01D6   2282           00596                 CALL    DELAY
01D7   0008           00597                 RETURN
                      00598 
01D8   1093           00599 RESET1  BCF             INDEX1, 1 ;reset indices
01D9   1113           00600                 BCF             INDEX1, 2
01DA   1193           00601                 BCF             INDEX1, 3
01DB   1213           00602                 BCF             INDEX1, 4
01DC   1293           00603                 BCF             INDEX1, 5
01DD   1095           00604                 BCF             INDEX2, 1
01DE   1115           00605                 BCF             INDEX2, 2
01DF   0192           00606                 CLRF    INDEX
01E0   01A4           00607                 CLRF    INDEX3
01E1   1692           00608                 BSF             INDEX, 5
01E2   3001           00609                 MOVLW   D'1'
01E3   0096           00610                 MOVWF   COUNT6
01E4   3001           00611                 MOVLW   B'00001'
01E5   00A3           00612                 MOVWF   COUNT7
01E6   3016           00613                 MOVLW   D'22'
01E7   0084           00614                 MOVWF   FSR
01E8   1506           00615                 BSF             PORTB, 2
01E9   1186           00616                 BCF             PORTB, 3
01EA   0008           00617                 RETURN
                      00618 
01EB   21F2           00619 RESETT  CALL    RESET2 ;subroutine called when reset button is pushed
01EC   239A           00620                 CALL    FIRSTLINE
01ED   23C0           00621                 CALL    HOT1
01EE   23C5           00622                 CALL    HOT2
01EF   1015           00623                 BCF             INDEX2, 0
                      00624         ;       CALL    DELAY
                      00625         ;       CALL    DELAY
MPASM  5.35beta                    TAMAR_ALEX.ASM   5-4-2018  13:18:24         PAGE 13
Hotel Management

LOC  OBJECT CODE     LINE SOURCE TEXT
  VALUE

01F0   29A4           00626                 GOTO    ENDRB4
01F1   2865           00627                 GOTO    TASK3
                      00628 
01F2   3016           00629 RESET2  MOVLW   D'22'
01F3   0084           00630                 MOVWF   FSR
01F4   3000           00631                 MOVLW   D'0'
01F5   00A6           00632                 MOVWF   COUNT9 ;number 0
01F6   300A           00633                 MOVLW   D'10'
01F7   00A5           00634                 MOVWF   COUNT8
01F8   1013           00635                 BCF             INDEX1, 0
                      00636 
                      00637                                 
01F9   0BA5           00638 LOOP7   DECFSZ  COUNT8,F ;set registers 22 to 32 to zero
01FA   29FC           00639                 GOTO    NEXT7
01FB   2A0B           00640                 GOTO    END_FSR
                      00641                 
01FC   0826           00642 NEXT7   MOVF    COUNT9, 0
01FD   0080           00643                 MOVWF   INDF
01FE   0A84           00644                 INCF    FSR,F
01FF   29F9           00645                 GOTO    LOOP7
                      00646 
0200   3026           00647                 MOVLW   D'38'
0201   0084           00648                 MOVWF   FSR
0202   300A           00649                 MOVLW   D'10'
0203   00A5           00650                 MOVWF   COUNT8
                      00651 
0204   0BA5           00652 LOOP8   DECFSZ  COUNT8,F ;set registers 38 to 48 to zero
0205   2A07           00653                 GOTO    NEXT8
0206   2A0B           00654                 GOTO    END_FSR
                      00655                 
0207   0826           00656 NEXT8   MOVF    COUNT9, 0
0208   0080           00657                 MOVWF   INDF
0209   0A84           00658                 INCF    FSR,F
020A   2A04           00659                 GOTO    LOOP8
                      00660 
020B   21D8           00661 END_FSR CALL    RESET1 ;prints reset done
020C   239A           00662                 CALL    FIRSTLINE
020D   234D           00663                 CALL    SPACEC
020E   231C           00664                 CALL    LETTERR
020F   2315           00665                 CALL    LETTERE
0210   22C1           00666                 CALL    LETTERS
0211   2315           00667                 CALL    LETTERE
0212   2300           00668                 CALL    LETTERT
0213   234D           00669                 CALL    SPACEC
0214   234D           00670                 CALL    SPACEC
0215   23AE           00671                 CALL    INITS
0216   238C           00672                 CALL    NEWLINE
0217   234D           00673                 CALL    SPACEC
0218   22C8           00674                 CALL    LETTERD
0219   22F2           00675                 CALL    LETTERO
021A   22EB           00676                 CALL    LETTERN
021B   2315           00677                 CALL    LETTERE
021C   234D           00678                 CALL    SPACEC
MPASM  5.35beta                    TAMAR_ALEX.ASM   5-4-2018  13:18:24         PAGE 14
Hotel Management

LOC  OBJECT CODE     LINE SOURCE TEXT
  VALUE

021D   234D           00679                 CALL    SPACEC
021E   234D           00680                 CALL    SPACEC
021F   23B7           00681                 CALL    INITD
0220   2282           00682                 CALL    DELAY
                      00683                 ;INCF   COUNT6, 1
0221   0008           00684                 RETURN
                      00685 
0222                  00686 SIMULATE ;subroutine called when simulate push button is pushed
0222   1C15           00687                 BTFSS   INDEX2, 0
0223   29A4           00688                 GOTO    ENDRB4
                      00689 
0224   3017           00690                 MOVLW   D'23'
0225   0084           00691                 MOVWF   FSR
0226   3009           00692                 MOVLW   D'9'
0227   00A5           00693                 MOVWF   COUNT8
0228   3004           00694                 MOVLW   D'4'
0229   00B3           00695                 MOVWF   COUNT11
                      00696 
022A   0804           00697 LOOP9   MOVF    FSR, W ;checks which rooms are full
022B   00B2           00698                 MOVWF   TEMP ;save FSR in temp
022C   0BB3           00699                 DECFSZ  COUNT11, F
022D   2A2F           00700                 GOTO    CONT6
022E   1524           00701                 BSF             INDEX3, 2 ;now double rooms
                      00702 
022F   0BA5           00703 CONT6   DECFSZ  COUNT8,F
0230   2A32           00704                 GOTO    DECR
0231   2A57           00705                 GOTO    PASSED
                      00706                 
                      00707 ;NEXT9  BTFSC   INDF, 0
                      00708 ;               GOTO    DECR
                      00709 ;               INCF    FSR,F
                      00710 ;               GOTO    LOOP9
                      00711 
0232   3016           00712 DECR    MOVLW   D'22' ;decrement for number of days
0233   0204           00713                 SUBWF   FSR, W
0234   00B1           00714                 MOVWF   COUNT10 ;saved offset
0235   3026           00715                 MOVLW   D'38'
0236   0731           00716                 ADDWF   COUNT10, W
0237   0084           00717                 MOVWF   FSR
                      00718 
0238   0B80           00719                 DECFSZ  INDF, F
0239   2A53           00720                 GOTO    AGAIN
023A   2A3B           00721                 GOTO    UPDATE  
                      00722 
023B   1D24           00723 UPDATE  BTFSS   INDEX3, 2 ;it chooses if it will decrement for single or double room
023C   2240           00724                 CALL    UPDATES
023D   1924           00725                 BTFSC   INDEX3, 2
023E   2247           00726                 CALL    UPDATED
023F   2A4E           00727                 GOTO    FINISH
                      00728 
0240   23A1           00729 UPDATES CALL    LINE1 
0241   300A           00730                 MOVLW   H'A'
0242   0731           00731                 ADDWF   COUNT10, W
MPASM  5.35beta                    TAMAR_ALEX.ASM   5-4-2018  13:18:24         PAGE 15
Hotel Management

LOC  OBJECT CODE     LINE SOURCE TEXT
  VALUE

0243   0085           00732                 MOVWF   PORTA
0244   227D           00733                 CALL    ET
0245   2338           00734                 CALL    STARC
0246   0008           00735                 RETURN
                      00736 
0247   23A5           00737 UPDATED CALL    LINE2
0248   3005           00738                 MOVLW   H'5'
0249   0731           00739                 ADDWF   COUNT10, W
024A   0085           00740                 MOVWF   PORTA
024B   227D           00741                 CALL    ET
024C   2338           00742                 CALL    STARC
024D   0008           00743                 RETURN
                      00744                 
024E   0832           00745 FINISH  MOVF    TEMP, W
024F   0084           00746                 MOVWF   FSR
0250   0731           00747                 ADDWF   COUNT10, W
                      00748 
0251   0084           00749                 MOVWF   FSR
0252   1000           00750                 BCF             INDF, 0
                      00751 
0253   0832           00752 AGAIN   MOVF    TEMP, W
0254   0084           00753                 MOVWF   FSR
                      00754 
0255   0A84           00755                 INCF    FSR,F
0256   2A2A           00756                 GOTO    LOOP9
                      00757 
0257   239A           00758 PASSED  CALL    FIRSTLINE ;prints day passed
0258   234D           00759                 CALL    SPACEC
0259   22C8           00760                 CALL    LETTERD
025A   2323           00761                 CALL    LETTERA
025B   232A           00762                 CALL    LETTERY
025C   23A9           00763                 CALL    SPACEC2
025D   238C           00764                 CALL    NEWLINE
025E   234D           00765                 CALL    SPACEC
025F   22BA           00766                 CALL    LETTERP
0260   2323           00767                 CALL    LETTERA
0261   22C1           00768                 CALL    LETTERS
0262   22C1           00769                 CALL    LETTERS
0263   2315           00770                 CALL    LETTERE
0264   22C8           00771                 CALL    LETTERD
0265   2282           00772                 CALL    DELAY
0266   2282           00773                 CALL    DELAY
0267   21D8           00774                 CALL    RESET1
0268   28D6           00775                 GOTO    CHK
                      00776                 
                      00777 
0269   1815           00778 TMR0INT BTFSC   INDEX2 ,0 ;begin of TMR0 interrupt
026A   2A7B           00779                 GOTO    RETZ            
026B   0BB4           00780                 DECFSZ  COUNT12,F
026C   2A7B           00781                 GOTO    RETZ
026D   0BB5           00782                 DECFSZ  COUNT13,F
026E   2A7B           00783                 GOTO    RETZ
026F   21F2           00784                 CALL    RESET2
MPASM  5.35beta                    TAMAR_ALEX.ASM   5-4-2018  13:18:24         PAGE 16
Hotel Management

LOC  OBJECT CODE     LINE SOURCE TEXT
  VALUE

0270   21D8           00785                 CALL    RESET1  
0271   0181           00786                 CLRF    TMR0
0272   30FF           00787                 MOVLW   d'255'
0273   00B4           00788                 MOVWF   COUNT12
0274   300B           00789                 MOVLW   d'11'
0275   00B5           00790                 MOVWF   COUNT13
0276   1406           00791                 BSF             PORTB, 0
0277   2282           00792                 CALL    DELAY
0278   2282           00793                 CALL    DELAY
0279   1006           00794                 BCF             PORTB, 0
027A   28D6           00795                 GOTO    CHK
                      00796                 
027B   110B           00797 RETZ    BCF             INTCON, T0IF ;end of TMR0 interrupt
027C   0009           00798                 RETFIE
                      00799                 
027D   1486           00800 ET              BSF             PORTB,1
027E   0000           00801                 NOP
027F   1086           00802                 BCF             PORTB,1
0280   228B           00803                 CALL    DELAY10
0281   0008           00804                 RETURN
                      00805                 
0282   30FF           00806 DELAY   MOVLW   D'255'
0283   008C           00807                 MOVWF   COUNT1
0284   3035           00808                 MOVLW   D'53'
0285   008E           00809                 MOVWF   COUNT3
                      00810         
0286   0F8C           00811 LOOP    INCFSZ  COUNT1, F
0287   2A86           00812                 GOTO    LOOP
0288   0B8E           00813                 DECFSZ  COUNT3, F
0289   2A86           00814                 GOTO    LOOP
028A   0008           00815                 RETURN
                      00816 
028B   30FF           00817 DELAY10 MOVLW   D'255'
028C   0090           00818                 MOVWF   COUNT4
028D   300C           00819                 MOVLW   D'12'
028E   0091           00820                 MOVWF   COUNT5
                      00821         
028F   0F90           00822 LOOP1   INCFSZ  COUNT4, F
0290   2A8F           00823                 GOTO    LOOP1
0291   0B91           00824                 DECFSZ  COUNT5, F
0292   2A8F           00825                 GOTO    LOOP1
0293   0008           00826                 RETURN
                      00827 
0294   3014           00828 HotelW  MOVLW   B'10100' ;H letter
0295   0085           00829                 MOVWF   PORTA
0296   227D           00830                 CALL    ET
0297   3018           00831                 MOVLW   B'11000'
0298   0085           00832                 MOVWF   PORTA
0299   227D           00833                 CALL    ET
                      00834 
029A   3014           00835                 MOVLW   B'10100' ;O letter
029B   0085           00836                 MOVWF   PORTA
029C   227D           00837                 CALL    ET
MPASM  5.35beta                    TAMAR_ALEX.ASM   5-4-2018  13:18:24         PAGE 17
Hotel Management

LOC  OBJECT CODE     LINE SOURCE TEXT
  VALUE

029D   301F           00838                 MOVLW   B'11111'
029E   0085           00839                 MOVWF   PORTA
029F   227D           00840                 CALL    ET
                      00841 
02A0   3015           00842                 MOVLW   B'10101' ;T letter
02A1   0085           00843                 MOVWF   PORTA
02A2   227D           00844                 CALL    ET
02A3   3014           00845                 MOVLW   B'10100'
02A4   0085           00846                 MOVWF   PORTA
02A5   227D           00847                 CALL    ET
                      00848 
02A6   3014           00849                 MOVLW   B'10100' ;E letter
02A7   0085           00850                 MOVWF   PORTA
02A8   227D           00851                 CALL    ET
02A9   3015           00852                 MOVLW   B'10101'
02AA   0085           00853                 MOVWF   PORTA
02AB   227D           00854                 CALL    ET
                      00855 
02AC   3014           00856                 MOVLW   B'10100' ;L letter
02AD   0085           00857                 MOVWF   PORTA
02AE   227D           00858                 CALL    ET
02AF   301C           00859                 MOVLW   B'11100'
02B0   0085           00860                 MOVWF   PORTA
02B1   227D           00861                 CALL    ET
02B2   0008           00862                 RETURN
                      00863 
02B3   3014           00864 LETTERM MOVLW   B'10100'
02B4   0085           00865                 MOVWF   PORTA
02B5   227D           00866                 CALL    ET
02B6   301D           00867                 MOVLW   B'11101'
02B7   0085           00868                 MOVWF   PORTA
02B8   227D           00869                 CALL    ET
02B9   0008           00870                 RETURN
                      00871 
02BA   3015           00872 LETTERP MOVLW   B'10101'
02BB   0085           00873                 MOVWF   PORTA
02BC   227D           00874                 CALL    ET
02BD   3010           00875                 MOVLW   B'10000'
02BE   0085           00876                 MOVWF   PORTA
02BF   227D           00877                 CALL    ET
02C0   0008           00878                 RETURN
                      00879 
02C1   3015           00880 LETTERS MOVLW   B'10101'
02C2   0085           00881                 MOVWF   PORTA
02C3   227D           00882                 CALL    ET
02C4   3013           00883                 MOVLW   B'10011'
02C5   0085           00884                 MOVWF   PORTA
02C6   227D           00885                 CALL    ET
02C7   0008           00886                 RETURN
                      00887 
02C8   3014           00888 LETTERD MOVLW   B'10100'
02C9   0085           00889                 MOVWF   PORTA
02CA   227D           00890                 CALL    ET
MPASM  5.35beta                    TAMAR_ALEX.ASM   5-4-2018  13:18:24         PAGE 18
Hotel Management

LOC  OBJECT CODE     LINE SOURCE TEXT
  VALUE

02CB   3014           00891                 MOVLW   B'10100'
02CC   0085           00892                 MOVWF   PORTA
02CD   227D           00893                 CALL    ET
02CE   0008           00894                 RETURN
                      00895 
02CF   3014           00896 LETTERC MOVLW   B'10100'
02D0   0085           00897                 MOVWF   PORTA
02D1   227D           00898                 CALL    ET
02D2   3013           00899                 MOVLW   B'10011'
02D3   0085           00900                 MOVWF   PORTA
02D4   227D           00901                 CALL    ET
02D5   0008           00902                 RETURN
                      00903 
02D6   3014           00904 LETTERH MOVLW   B'10100'
02D7   0085           00905                 MOVWF   PORTA
02D8   227D           00906                 CALL    ET
02D9   3018           00907                 MOVLW   B'11000'
02DA   0085           00908                 MOVWF   PORTA
02DB   227D           00909                 CALL    ET
02DC   0008           00910                 RETURN
                      00911 
02DD   3014           00912 LETTERK MOVLW   B'10100'
02DE   0085           00913                 MOVWF   PORTA
02DF   227D           00914                 CALL    ET
02E0   301B           00915                 MOVLW   B'11011'
02E1   0085           00916                 MOVWF   PORTA
02E2   227D           00917                 CALL    ET
02E3   0008           00918                 RETURN
                      00919 
02E4   3014           00920 LETTERI MOVLW   B'10100'
02E5   0085           00921                 MOVWF   PORTA
02E6   227D           00922                 CALL    ET
02E7   3019           00923                 MOVLW   B'11001'
02E8   0085           00924                 MOVWF   PORTA
02E9   227D           00925                 CALL    ET
02EA   0008           00926                 RETURN
                      00927 
02EB   3014           00928 LETTERN MOVLW   B'10100'
02EC   0085           00929                 MOVWF   PORTA
02ED   227D           00930                 CALL    ET
02EE   301E           00931                 MOVLW   B'11110'
02EF   0085           00932                 MOVWF   PORTA
02F0   227D           00933                 CALL    ET
02F1   0008           00934                 RETURN
                      00935 
02F2   3014           00936 LETTERO MOVLW   B'10100'
02F3   0085           00937                 MOVWF   PORTA
02F4   227D           00938                 CALL    ET
02F5   301F           00939                 MOVLW   B'11111'
02F6   0085           00940                 MOVWF   PORTA
02F7   227D           00941                 CALL    ET
02F8   0008           00942                 RETURN
                      00943 
MPASM  5.35beta                    TAMAR_ALEX.ASM   5-4-2018  13:18:24         PAGE 19
Hotel Management

LOC  OBJECT CODE     LINE SOURCE TEXT
  VALUE

02F9   3015           00944 LETTERU MOVLW   B'10101'
02FA   0085           00945                 MOVWF   PORTA
02FB   227D           00946                 CALL    ET
02FC   3015           00947                 MOVLW   B'10101'
02FD   0085           00948                 MOVWF   PORTA
02FE   227D           00949                 CALL    ET
02FF   0008           00950                 RETURN
                      00951 
0300   3015           00952 LETTERT MOVLW   B'10101'
0301   0085           00953                 MOVWF   PORTA
0302   227D           00954                 CALL    ET
0303   3014           00955                 MOVLW   B'10100'
0304   0085           00956                 MOVWF   PORTA
0305   227D           00957                 CALL    ET
0306   0008           00958                 RETURN
                      00959 
0307   3014           00960 LETTERG MOVLW   B'10100'
0308   0085           00961                 MOVWF   PORTA
0309   227D           00962                 CALL    ET
030A   3017           00963                 MOVLW   B'10111'
030B   0085           00964                 MOVWF   PORTA
030C   227D           00965                 CALL    ET
030D   0008           00966                 RETURN
                      00967 
030E   3014           00968 LETTERL MOVLW   B'10100'
030F   0085           00969                 MOVWF   PORTA
0310   227D           00970                 CALL    ET
0311   301C           00971                 MOVLW   B'11100'
0312   0085           00972                 MOVWF   PORTA
0313   227D           00973                 CALL    ET
0314   0008           00974                 RETURN
                      00975 
0315   3014           00976 LETTERE MOVLW   B'10100'
0316   0085           00977                 MOVWF   PORTA
0317   227D           00978                 CALL    ET
0318   3015           00979                 MOVLW   B'10101'
0319   0085           00980                 MOVWF   PORTA
031A   227D           00981                 CALL    ET
031B   0008           00982                 RETURN
                      00983 
031C   3015           00984 LETTERR MOVLW   B'10101'
031D   0085           00985                 MOVWF   PORTA
031E   227D           00986                 CALL    ET
031F   3012           00987                 MOVLW   B'10010'
0320   0085           00988                 MOVWF   PORTA
0321   227D           00989                 CALL    ET
0322   0008           00990                 RETURN
                      00991 
0323   3014           00992 LETTERA MOVLW   B'10100'
0324   0085           00993                 MOVWF   PORTA
0325   227D           00994                 CALL    ET
0326   3011           00995                 MOVLW   B'10001'
0327   0085           00996                 MOVWF   PORTA
MPASM  5.35beta                    TAMAR_ALEX.ASM   5-4-2018  13:18:24         PAGE 20
Hotel Management

LOC  OBJECT CODE     LINE SOURCE TEXT
  VALUE

0328   227D           00997                 CALL    ET
0329   0008           00998                 RETURN
                      00999 
032A   3015           01000 LETTERY MOVLW   B'10101'
032B   0085           01001                 MOVWF   PORTA
032C   227D           01002                 CALL    ET
032D   3019           01003                 MOVLW   B'11001'
032E   0085           01004                 MOVWF   PORTA
032F   227D           01005                 CALL    ET
0330   0008           01006                 RETURN
                      01007 
0331   3014           01008 LETTERB MOVLW   B'10100'
0332   0085           01009                 MOVWF   PORTA
0333   227D           01010                 CALL    ET
0334   3012           01011                 MOVLW   B'10010'
0335   0085           01012                 MOVWF   PORTA
0336   227D           01013                 CALL    ET
0337   0008           01014                 RETURN
                      01015 
0338   3012           01016 STARC   MOVLW   B'10010' ;prints star
0339   0085           01017                 MOVWF   PORTA
033A   227D           01018                 CALL    ET
033B   301A           01019                 MOVLW   B'11010'
033C   0085           01020                 MOVWF   PORTA
033D   227D           01021                 CALL    ET
033E   0008           01022                 RETURN
                      01023 
033F   3012           01024 HASHC   MOVLW   B'10010' ;prints hash
0340   0085           01025                 MOVWF   PORTA
0341   227D           01026                 CALL    ET
0342   3013           01027                 MOVLW   B'10011'
0343   0085           01028                 MOVWF   PORTA
0344   227D           01029                 CALL    ET
0345   0008           01030                 RETURN
                      01031 
0346   3013           01032 ARROWC  MOVLW   B'10011' ;prints arrow
0347   0085           01033                 MOVWF   PORTA
0348   227D           01034                 CALL    ET
0349   301E           01035                 MOVLW   B'11110'
034A   0085           01036                 MOVWF   PORTA
034B   227D           01037                 CALL    ET
034C   0008           01038                 RETURN
                      01039 
034D   3012           01040 SPACEC  MOVLW   B'10010' ;prints space
034E   0085           01041                 MOVWF   PORTA
034F   227D           01042                 CALL    ET
0350   3010           01043                 MOVLW   B'10000'
0351   0085           01044                 MOVWF   PORTA
0352   227D           01045                 CALL    ET
0353   0008           01046                 RETURN
                      01047 
0354   3013           01048 ONEC    MOVLW   B'10011' ;prints 1
0355   0085           01049                 MOVWF   PORTA
MPASM  5.35beta                    TAMAR_ALEX.ASM   5-4-2018  13:18:24         PAGE 21
Hotel Management

LOC  OBJECT CODE     LINE SOURCE TEXT
  VALUE

0356   227D           01050                 CALL    ET
0357   3011           01051 HALFONEC                MOVLW   B'10001'
0358   0085           01052                 MOVWF   PORTA
0359   227D           01053                 CALL    ET
035A   0008           01054                 RETURN
                      01055 
035B   3013           01056 TWOC    MOVLW   B'10011' ;prints 2
035C   0085           01057                 MOVWF   PORTA
035D   227D           01058                 CALL    ET
035E   3012           01059                 MOVLW   B'10010'
035F   0085           01060                 MOVWF   PORTA
0360   227D           01061                 CALL    ET
0361   0008           01062                 RETURN
                      01063 
0362   3013           01064 THREEC  MOVLW   B'10011' ;prints 3
0363   0085           01065                 MOVWF   PORTA
0364   227D           01066                 CALL    ET
0365   3013           01067                 MOVLW   B'10011'
0366   0085           01068                 MOVWF   PORTA
0367   227D           01069                 CALL    ET
0368   0008           01070                 RETURN
                      01071 
0369   3013           01072 FOURC   MOVLW   B'10011' ;prints 4
036A   0085           01073                 MOVWF   PORTA
036B   227D           01074                 CALL    ET
036C   3014           01075                 MOVLW   B'10100'
036D   0085           01076                 MOVWF   PORTA
036E   227D           01077                 CALL    ET
036F   0008           01078                 RETURN
                      01079 
0370   3013           01080 FIVEC   MOVLW   B'10011' ;prints 5
0371   0085           01081                 MOVWF   PORTA
0372   227D           01082                 CALL    ET
0373   3015           01083                 MOVLW   B'10101'
0374   0085           01084                 MOVWF   PORTA
0375   227D           01085                 CALL    ET
0376   0008           01086                 RETURN
                      01087 
0377   3012           01088 DOLLARC MOVLW   B'10010'
0378   0085           01089                 MOVWF   PORTA
0379   227D           01090                 CALL    ET
037A   3014           01091                 MOVLW   B'10100'
037B   0085           01092                 MOVWF   PORTA
037C   227D           01093                 CALL    ET
037D   0008           01094                 RETURN
                      01095 
037E   3013           01096 ZEROC   MOVLW   B'10011' ;prints 0
037F   0085           01097                 MOVWF   PORTA
0380   227D           01098                 CALL    ET
0381   3010           01099                 MOVLW   B'10000'
0382   0085           01100                 MOVWF   PORTA
0383   227D           01101                 CALL    ET
0384   0008           01102                 RETURN  
MPASM  5.35beta                    TAMAR_ALEX.ASM   5-4-2018  13:18:24         PAGE 22
Hotel Management

LOC  OBJECT CODE     LINE SOURCE TEXT
  VALUE

                      01103 
0385   3000           01104 CLEAR   MOVLW   B'00000' ;clear display
0386   0085           01105                 MOVWF   PORTA
0387   227D           01106                 CALL    ET
0388   3001           01107                 MOVLW   B'00001'
0389   0085           01108                 MOVWF   PORTA
038A   227D           01109                 CALL    ET
038B   0008           01110                 RETURN
                      01111 
038C   300C           01112 NEWLINE MOVLW   B'01100'
038D   0085           01113                 MOVWF   PORTA
038E   227D           01114                 CALL    ET
038F   3000           01115                 MOVLW   B'00000'
0390   0085           01116                 MOVWF   PORTA
0391   227D           01117                 CALL    ET
0392   0008           01118                 RETURN
                      01119 
0393   300C           01120 CURSOR2 MOVLW   B'01100'
0394   0085           01121                 MOVWF   PORTA
0395   227D           01122                 CALL    ET
0396   3001           01123                 MOVLW   B'00001'
0397   0085           01124                 MOVWF   PORTA
0398   227D           01125                 CALL    ET
0399   0008           01126                 RETURN
                      01127 
039A   3008           01128 FIRSTLINE               MOVLW   B'01000'
039B   0085           01129                 MOVWF   PORTA
039C   227D           01130                 CALL    ET
039D   3000           01131                 MOVLW   B'00000'
039E   0085           01132                 MOVWF   PORTA
039F   227D           01133                 CALL    ET
03A0   0008           01134                 RETURN
                      01135 
03A1   3008           01136 LINE1   MOVLW   B'01000'
03A2   0085           01137                 MOVWF   PORTA
03A3   227D           01138                 CALL    ET
03A4   0008           01139                 RETURN
                      01140 
03A5   300C           01141 LINE2   MOVLW   B'01100'
03A6   0085           01142                 MOVWF   PORTA
03A7   227D           01143                 CALL    ET
03A8   0008           01144                 RETURN
                      01145 
03A9   234D           01146 SPACEC2 CALL    SPACEC
03AA   234D           01147                 CALL    SPACEC
03AB   234D           01148                 CALL    SPACEC
03AC   234D           01149                 CALL    SPACEC
03AD   0008           01150                 RETURN
                      01151 
03AE   234D           01152 INITS   CALL    SPACEC
03AF   234D           01153                 CALL    SPACEC
03B0   22C1           01154                 CALL    LETTERS
03B1   2338           01155                 CALL    STARC
MPASM  5.35beta                    TAMAR_ALEX.ASM   5-4-2018  13:18:24         PAGE 23
Hotel Management

LOC  OBJECT CODE     LINE SOURCE TEXT
  VALUE

03B2   2338           01156                 CALL    STARC
03B3   2338           01157                 CALL    STARC
03B4   2338           01158                 CALL    STARC
03B5   2338           01159                 CALL    STARC
03B6   0008           01160                 RETURN
                      01161 
03B7   234D           01162 INITD   CALL    SPACEC
03B8   234D           01163                 CALL    SPACEC
03B9   22C8           01164                 CALL    LETTERD
03BA   2338           01165                 CALL    STARC
03BB   2338           01166                 CALL    STARC
03BC   2338           01167                 CALL    STARC
03BD   2338           01168                 CALL    STARC
03BE   2338           01169                 CALL    STARC
03BF   0008           01170                 RETURN
                      01171 
03C0   2346           01172 HOT1    CALL    ARROWC ;prints first line
03C1   2294           01173                 CALL    HotelW
03C2   2354           01174                 CALL    ONEC
03C3   234D           01175                 CALL    SPACEC
03C4   0008           01176                 RETURN
                      01177                 
03C5   238C           01178 HOT2    CALL    NEWLINE ;prints second line
03C6   234D           01179                 CALL    SPACEC
03C7   2294           01180                 CALL    HotelW
03C8   235B           01181                 CALL    TWOC
03C9   234D           01182                 CALL    SPACEC
03CA   0008           01183                 RETURN
                      01184 
                      01185                 END
MPASM  5.35beta                    TAMAR_ALEX.ASM   5-4-2018  13:18:24         PAGE 24
Hotel Management

SYMBOL TABLE
  LABEL                             VALUE 

AGAIN                             00000253
ARROWC                            00000346
BILL                              000001A6
BILL2                             000001BD
BILLNEXT                          000001C7
C                                 00000000
CHK                               000000D6
CLEAR                             00000385
CONFIRM                           000000D0
CONT                              00000143
CONT1                             000001B7
CONT2                             000001BA
CONT4                             0000011E
CONT6                             0000022F
COUNT                             0000000F
COUNT1                            0000000C
COUNT10                           00000031
COUNT11                           00000033
COUNT12                           00000034
COUNT13                           00000035
COUNT3                            0000000E
COUNT4                            00000010
COUNT5                            00000011
COUNT6                            00000016
COUNT7                            00000023
COUNT8                            00000025
COUNT9                            00000026
CURSOR2                           00000393
DC                                00000001
DECR                              00000232
DELAY                             00000282
DELAY10                           0000028B
DELAYMS                           00000066
DOLLARC                           00000377
DOUBLEIN                          0000016F
DOUBLEOUT                         0000018F
EEADR                             00000009
EECON1                            00000088
EECON2                            00000089
EEDATA                            00000008
EEIE                              00000006
EEIF                              00000004
ENDRB4                            000001A4
END_FSR                           0000020B
END_FSR1                          0000001F
END_FSR2                          0000002A
ERRORR                            0000019C
ET                                0000027D
F                                 00000001
FINISH                            0000024E
FIRSTLINE                         0000039A
FIVE                              0000009E
FIVEC                             00000370
MPASM  5.35beta                    TAMAR_ALEX.ASM   5-4-2018  13:18:24         PAGE 25
Hotel Management

SYMBOL TABLE
  LABEL                             VALUE 

FOUR                              00000093
FOURC                             00000369
FSR                               00000004
FSRDOUBLE                         0000014F
FSRSINGLE                         0000014B
GIE                               00000007
HALFONEC                          00000357
HASHC                             0000033F
HOT1                              000003C0
HOT2                              000003C5
HotelW                            00000294
IN                                00000153
INC                               000000BB
INDEX                             00000012
INDEX1                            00000013
INDEX2                            00000015
INDEX3                            00000024
INDF                              00000000
INIT                              00000035
INITD                             000003B7
INITS                             000003AE
INTCON                            0000000B
INTE                              00000004
INTEDG                            00000006
INTF                              00000001
IRP                               00000007
LAST                              0000015B
LETTERA                           00000323
LETTERB                           00000331
LETTERC                           000002CF
LETTERD                           000002C8
LETTERE                           00000315
LETTERG                           00000307
LETTERH                           000002D6
LETTERI                           000002E4
LETTERK                           000002DD
LETTERL                           0000030E
LETTERM                           000002B3
LETTERN                           000002EB
LETTERO                           000002F2
LETTERP                           000002BA
LETTERR                           0000031C
LETTERS                           000002C1
LETTERT                           00000300
LETTERU                           000002F9
LETTERY                           0000032A
LINE1                             000003A1
LINE2                             000003A5
LOOP                              00000286
LOOP1                             0000028F
LOOP11                            00000018
LOOP12                            00000023
LOOP2                             00000068
MPASM  5.35beta                    TAMAR_ALEX.ASM   5-4-2018  13:18:24         PAGE 26
Hotel Management

SYMBOL TABLE
  LABEL                             VALUE 

LOOP7                             000001F9
LOOP8                             00000204
LOOP9                             0000022A
MAIN                              00000008
NEWLINE                           0000038C
NEXT                              000000C8
NEXT1                             000000ED
NEXT11                            0000001B
NEXT12                            00000026
NEXT2                             00000107
NEXT3                             0000013D
NEXT4                             00000123
NEXT7                             000001FC
NEXT8                             00000207
NOT_PD                            00000003
NOT_RBPU                          00000007
NOT_TO                            00000004
NUMBER1                           00000022
ONE                               000000A9
ONEC                              00000354
OPTION_REG                        00000081
OUT                               00000157
PASSED                            00000257
PCL                               00000002
PCLATH                            0000000A
PORTA                             00000005
PORTB                             00000006
PS0                               00000000
PS1                               00000001
PS2                               00000002
PSA                               00000003
RB4INT                            0000006C
RBIE                              00000003
RBIF                              00000000
RD                                00000000
RED                               000000EA
RESET1                            000001D8
RESET2                            000001F2
RESETT                            000001EB
RETRY                             000001A2
RETZ                              0000027B
RP0                               00000005
RP1                               00000006
SELECT                            00000076
SELECT1                           000000BE
SEVEN                             000000B8
SIMULATE                          00000222
SINGLEIN                          0000015C
SINGLEOUT                         00000182
SIX                               000000B5
SPACEC                            0000034D
SPACEC2                           000003A9
STARC                             00000338
MPASM  5.35beta                    TAMAR_ALEX.ASM   5-4-2018  13:18:24         PAGE 27
Hotel Management

SYMBOL TABLE
  LABEL                             VALUE 

STATUS                            00000003
SUCC                              000001D4
T0CS                              00000005
T0IE                              00000005
T0IF                              00000002
T0SE                              00000004
TASK3                             00000065
TEMP                              00000032
THOU                              000001CF
THREE                             00000088
THREEC                            00000362
TMR0                              00000001
TMR0INT                           00000269
TRISA                             00000085
TRISB                             00000086
TWO                               0000007D
TWOC                              0000035B
UPDATE                            0000023B
UPDATED                           00000247
UPDATES                           00000240
W                                 00000000
WELC                              00000058
WR                                00000001
WREN                              00000002
WRERR                             00000003
Z                                 00000002
ZEROC                             0000037E
_CP_OFF                           00003FFF
_CP_ON                            0000000F
_HS_OSC                           00003FFE
_LP_OSC                           00003FFC
_PWRTE_OFF                        00003FFF
_PWRTE_ON                         00003FF7
_RC_OSC                           00003FFF
_WDT_OFF                          00003FFB
_WDT_ON                           00003FFF
_XT_OSC                           00003FFD
__16F84A                          00000001
__DEBUG                           1


MEMORY USAGE MAP ('X' = Used,  '-' = Unused)

0000 : X---XXXXXXXXXXXX XXXXXXXXXXXXXXXX XXXXXXXXXXXXXXXX XXXXXXXXXXXXXXXX
0040 : XXXXXXXXXXXXXXXX XXXXXXXXXXXXXXXX XXXXXXXXXXXXXXXX XXXXXXXXXXXXXXXX
0080 : XXXXXXXXXXXXXXXX XXXXXXXXXXXXXXXX XXXXXXXXXXXXXXXX XXXXXXXXXXXXXXXX
MPASM  5.35beta                    TAMAR_ALEX.ASM   5-4-2018  13:18:24         PAGE 28
Hotel Management

MEMORY USAGE MAP ('X' = Used,  '-' = Unused)


00C0 : XXXXXXXXXXXXXXXX XXXXXXXXXXXXXXXX XXXXXXXXXXXXXXXX XXXXXXXXXXXXXXXX
0100 : XXXXXXXXXXXXXXXX XXXXXXXXXXXXXXXX XXXXXXXXXXXXXXXX XXXXXXXXXXXXXXXX
0140 : XXXXXXXXXXXXXXXX XXXXXXXXXXXXXXXX XXXXXXXXXXXXXXXX XXXXXXXXXXXXXXXX
0180 : XXXXXXXXXXXXXXXX XXXXXXXXXXXXXXXX XXXXXXXXXXXXXXXX XXXXXXXXXXXXXXXX
01C0 : XXXXXXXXXXXXXXXX XXXXXXXXXXXXXXXX XXXXXXXXXXXXXXXX XXXXXXXXXXXXXXXX
0200 : XXXXXXXXXXXXXXXX XXXXXXXXXXXXXXXX XXXXXXXXXXXXXXXX XXXXXXXXXXXXXXXX
0240 : XXXXXXXXXXXXXXXX XXXXXXXXXXXXXXXX XXXXXXXXXXXXXXXX XXXXXXXXXXXXXXXX
0280 : XXXXXXXXXXXXXXXX XXXXXXXXXXXXXXXX XXXXXXXXXXXXXXXX XXXXXXXXXXXXXXXX
02C0 : XXXXXXXXXXXXXXXX XXXXXXXXXXXXXXXX XXXXXXXXXXXXXXXX XXXXXXXXXXXXXXXX
0300 : XXXXXXXXXXXXXXXX XXXXXXXXXXXXXXXX XXXXXXXXXXXXXXXX XXXXXXXXXXXXXXXX
0340 : XXXXXXXXXXXXXXXX XXXXXXXXXXXXXXXX XXXXXXXXXXXXXXXX XXXXXXXXXXXXXXXX
0380 : XXXXXXXXXXXXXXXX XXXXXXXXXXXXXXXX XXXXXXXXXXXXXXXX XXXXXXXXXXXXXXXX
03C0 : XXXXXXXXXXX----- ---------------- ---------------- ----------------

All other memory blocks unused.

Program Memory Words Used:   968
Program Memory Words Free:    56


Errors   :     0
Warnings :     1 reported,     0 suppressed
Messages :     4 reported,     0 suppressed

